Indicators Variables
===========================
CO2 emissions (metric tons per capita) = IA
===========================

Composite Index Formula
===========================
CI('Region','Year'): [IndValue('IA','Region',Year)]
===========================

Failed Calculations
===========================
CI('Angola', '2012'): NoData[IA, Angola, 2012]  <could not convert string to float: NoData[IA, Angola, 2012]>
CI('Angola', '2013'): NoData[IA, Angola, 2013]  <could not convert string to float: NoData[IA, Angola, 2013]>
CI('Angola', '2014'): NoData[IA, Angola, 2014]  <could not convert string to float: NoData[IA, Angola, 2014]>
CI('Burundi', '1960'): NoData[IA, Burundi, 1960]  <could not convert string to float: NoData[IA, Burundi, 1960]>
CI('Burundi', '1961'): NoData[IA, Burundi, 1961]  <could not convert string to float: NoData[IA, Burundi, 1961]>
CI('Burundi', '2012'): NoData[IA, Burundi, 2012]  <could not convert string to float: NoData[IA, Burundi, 2012]>
CI('Burundi', '2013'): NoData[IA, Burundi, 2013]  <could not convert string to float: NoData[IA, Burundi, 2013]>
CI('Burundi', '2014'): NoData[IA, Burundi, 2014]  <could not convert string to float: NoData[IA, Burundi, 2014]>
CI('Benin', '2012'): NoData[IA, Benin, 2012]  <could not convert string to float: NoData[IA, Benin, 2012]>
CI('Benin', '2013'): NoData[IA, Benin, 2013]  <could not convert string to float: NoData[IA, Benin, 2013]>
CI('Benin', '2014'): NoData[IA, Benin, 2014]  <could not convert string to float: NoData[IA, Benin, 2014]>
CI('Burkina Faso', '2012'): NoData[IA, Burkina Faso, 2012]  <could not convert string to float: NoData[IA, Burkina Faso, 2012]>
CI('Burkina Faso', '2013'): NoData[IA, Burkina Faso, 2013]  <could not convert string to float: NoData[IA, Burkina Faso, 2013]>
CI('Burkina Faso', '2014'): NoData[IA, Burkina Faso, 2014]  <could not convert string to float: NoData[IA, Burkina Faso, 2014]>
CI('Botswana', '1960'): NoData[IA, Botswana, 1960]  <could not convert string to float: NoData[IA, Botswana, 1960]>
CI('Botswana', '1961'): NoData[IA, Botswana, 1961]  <could not convert string to float: NoData[IA, Botswana, 1961]>
CI('Botswana', '1962'): NoData[IA, Botswana, 1962]  <could not convert string to float: NoData[IA, Botswana, 1962]>
CI('Botswana', '1963'): NoData[IA, Botswana, 1963]  <could not convert string to float: NoData[IA, Botswana, 1963]>
CI('Botswana', '1964'): NoData[IA, Botswana, 1964]  <could not convert string to float: NoData[IA, Botswana, 1964]>
CI('Botswana', '1965'): NoData[IA, Botswana, 1965]  <could not convert string to float: NoData[IA, Botswana, 1965]>
CI('Botswana', '1966'): NoData[IA, Botswana, 1966]  <could not convert string to float: NoData[IA, Botswana, 1966]>
CI('Botswana', '1967'): NoData[IA, Botswana, 1967]  <could not convert string to float: NoData[IA, Botswana, 1967]>
CI('Botswana', '1968'): NoData[IA, Botswana, 1968]  <could not convert string to float: NoData[IA, Botswana, 1968]>
CI('Botswana', '1969'): NoData[IA, Botswana, 1969]  <could not convert string to float: NoData[IA, Botswana, 1969]>
CI('Botswana', '1970'): NoData[IA, Botswana, 1970]  <could not convert string to float: NoData[IA, Botswana, 1970]>
CI('Botswana', '1971'): NoData[IA, Botswana, 1971]  <could not convert string to float: NoData[IA, Botswana, 1971]>
CI('Botswana', '2012'): NoData[IA, Botswana, 2012]  <could not convert string to float: NoData[IA, Botswana, 2012]>
CI('Botswana', '2013'): NoData[IA, Botswana, 2013]  <could not convert string to float: NoData[IA, Botswana, 2013]>
CI('Botswana', '2014'): NoData[IA, Botswana, 2014]  <could not convert string to float: NoData[IA, Botswana, 2014]>
CI('Central African Republic', '2012'): NoData[IA, Central African Republic, 2012]  <could not convert string to float: NoData[IA, Central African Republic, 2012]>
CI('Central African Republic', '2013'): NoData[IA, Central African Republic, 2013]  <could not convert string to float: NoData[IA, Central African Republic, 2013]>
CI('Central African Republic', '2014'): NoData[IA, Central African Republic, 2014]  <could not convert string to float: NoData[IA, Central African Republic, 2014]>
CI("Cote d'Ivoire", '2012'): NoData[IA, Cote d'Ivoire, 2012]  <could not convert string to float: NoData[IA, Cote d'Ivoire, 2012]>
CI("Cote d'Ivoire", '2013'): NoData[IA, Cote d'Ivoire, 2013]  <could not convert string to float: NoData[IA, Cote d'Ivoire, 2013]>
CI("Cote d'Ivoire", '2014'): NoData[IA, Cote d'Ivoire, 2014]  <could not convert string to float: NoData[IA, Cote d'Ivoire, 2014]>
CI('Cameroon', '2012'): NoData[IA, Cameroon, 2012]  <could not convert string to float: NoData[IA, Cameroon, 2012]>
CI('Cameroon', '2013'): NoData[IA, Cameroon, 2013]  <could not convert string to float: NoData[IA, Cameroon, 2013]>
CI('Cameroon', '2014'): NoData[IA, Cameroon, 2014]  <could not convert string to float: NoData[IA, Cameroon, 2014]>
CI('Congo, Dem. Rep.', '2012'): NoData[IA, Congo, Dem. Rep., 2012]  <could not convert string to float: NoData[IA, Congo, Dem. Rep., 2012]>
CI('Congo, Dem. Rep.', '2013'): NoData[IA, Congo, Dem. Rep., 2013]  <could not convert string to float: NoData[IA, Congo, Dem. Rep., 2013]>
CI('Congo, Dem. Rep.', '2014'): NoData[IA, Congo, Dem. Rep., 2014]  <could not convert string to float: NoData[IA, Congo, Dem. Rep., 2014]>
CI('Congo, Rep.', '2012'): NoData[IA, Congo, Rep., 2012]  <could not convert string to float: NoData[IA, Congo, Rep., 2012]>
CI('Congo, Rep.', '2013'): NoData[IA, Congo, Rep., 2013]  <could not convert string to float: NoData[IA, Congo, Rep., 2013]>
CI('Congo, Rep.', '2014'): NoData[IA, Congo, Rep., 2014]  <could not convert string to float: NoData[IA, Congo, Rep., 2014]>
CI('Comoros', '2012'): NoData[IA, Comoros, 2012]  <could not convert string to float: NoData[IA, Comoros, 2012]>
CI('Comoros', '2013'): NoData[IA, Comoros, 2013]  <could not convert string to float: NoData[IA, Comoros, 2013]>
CI('Comoros', '2014'): NoData[IA, Comoros, 2014]  <could not convert string to float: NoData[IA, Comoros, 2014]>
CI('Cabo Verde', '2012'): NoData[IA, Cabo Verde, 2012]  <could not convert string to float: NoData[IA, Cabo Verde, 2012]>
CI('Cabo Verde', '2013'): NoData[IA, Cabo Verde, 2013]  <could not convert string to float: NoData[IA, Cabo Verde, 2013]>
CI('Cabo Verde', '2014'): NoData[IA, Cabo Verde, 2014]  <could not convert string to float: NoData[IA, Cabo Verde, 2014]>
CI('Eritrea', '1960'): NoData[IA, Eritrea, 1960]  <could not convert string to float: NoData[IA, Eritrea, 1960]>
CI('Eritrea', '1961'): NoData[IA, Eritrea, 1961]  <could not convert string to float: NoData[IA, Eritrea, 1961]>
CI('Eritrea', '1962'): NoData[IA, Eritrea, 1962]  <could not convert string to float: NoData[IA, Eritrea, 1962]>
CI('Eritrea', '1963'): NoData[IA, Eritrea, 1963]  <could not convert string to float: NoData[IA, Eritrea, 1963]>
CI('Eritrea', '1964'): NoData[IA, Eritrea, 1964]  <could not convert string to float: NoData[IA, Eritrea, 1964]>
CI('Eritrea', '1965'): NoData[IA, Eritrea, 1965]  <could not convert string to float: NoData[IA, Eritrea, 1965]>
CI('Eritrea', '1966'): NoData[IA, Eritrea, 1966]  <could not convert string to float: NoData[IA, Eritrea, 1966]>
CI('Eritrea', '1967'): NoData[IA, Eritrea, 1967]  <could not convert string to float: NoData[IA, Eritrea, 1967]>
CI('Eritrea', '1968'): NoData[IA, Eritrea, 1968]  <could not convert string to float: NoData[IA, Eritrea, 1968]>
CI('Eritrea', '1969'): NoData[IA, Eritrea, 1969]  <could not convert string to float: NoData[IA, Eritrea, 1969]>
CI('Eritrea', '1970'): NoData[IA, Eritrea, 1970]  <could not convert string to float: NoData[IA, Eritrea, 1970]>
CI('Eritrea', '1971'): NoData[IA, Eritrea, 1971]  <could not convert string to float: NoData[IA, Eritrea, 1971]>
CI('Eritrea', '1972'): NoData[IA, Eritrea, 1972]  <could not convert string to float: NoData[IA, Eritrea, 1972]>
CI('Eritrea', '1973'): NoData[IA, Eritrea, 1973]  <could not convert string to float: NoData[IA, Eritrea, 1973]>
CI('Eritrea', '1974'): NoData[IA, Eritrea, 1974]  <could not convert string to float: NoData[IA, Eritrea, 1974]>
CI('Eritrea', '1975'): NoData[IA, Eritrea, 1975]  <could not convert string to float: NoData[IA, Eritrea, 1975]>
CI('Eritrea', '1976'): NoData[IA, Eritrea, 1976]  <could not convert string to float: NoData[IA, Eritrea, 1976]>
CI('Eritrea', '1977'): NoData[IA, Eritrea, 1977]  <could not convert string to float: NoData[IA, Eritrea, 1977]>
CI('Eritrea', '1978'): NoData[IA, Eritrea, 1978]  <could not convert string to float: NoData[IA, Eritrea, 1978]>
CI('Eritrea', '1979'): NoData[IA, Eritrea, 1979]  <could not convert string to float: NoData[IA, Eritrea, 1979]>
CI('Eritrea', '1980'): NoData[IA, Eritrea, 1980]  <could not convert string to float: NoData[IA, Eritrea, 1980]>
CI('Eritrea', '1981'): NoData[IA, Eritrea, 1981]  <could not convert string to float: NoData[IA, Eritrea, 1981]>
CI('Eritrea', '1982'): NoData[IA, Eritrea, 1982]  <could not convert string to float: NoData[IA, Eritrea, 1982]>
CI('Eritrea', '1983'): NoData[IA, Eritrea, 1983]  <could not convert string to float: NoData[IA, Eritrea, 1983]>
CI('Eritrea', '1984'): NoData[IA, Eritrea, 1984]  <could not convert string to float: NoData[IA, Eritrea, 1984]>
CI('Eritrea', '1985'): NoData[IA, Eritrea, 1985]  <could not convert string to float: NoData[IA, Eritrea, 1985]>
CI('Eritrea', '1986'): NoData[IA, Eritrea, 1986]  <could not convert string to float: NoData[IA, Eritrea, 1986]>
CI('Eritrea', '1987'): NoData[IA, Eritrea, 1987]  <could not convert string to float: NoData[IA, Eritrea, 1987]>
CI('Eritrea', '1988'): NoData[IA, Eritrea, 1988]  <could not convert string to float: NoData[IA, Eritrea, 1988]>
CI('Eritrea', '1989'): NoData[IA, Eritrea, 1989]  <could not convert string to float: NoData[IA, Eritrea, 1989]>
CI('Eritrea', '1990'): NoData[IA, Eritrea, 1990]  <could not convert string to float: NoData[IA, Eritrea, 1990]>
CI('Eritrea', '1991'): NoData[IA, Eritrea, 1991]  <could not convert string to float: NoData[IA, Eritrea, 1991]>
CI('Eritrea', '1992'): NoData[IA, Eritrea, 1992]  <could not convert string to float: NoData[IA, Eritrea, 1992]>
CI('Eritrea', '1993'): NoData[IA, Eritrea, 1993]  <could not convert string to float: NoData[IA, Eritrea, 1993]>
CI('Eritrea', '2012'): NoData[IA, Eritrea, 2012]  <could not convert string to float: NoData[IA, Eritrea, 2012]>
CI('Eritrea', '2013'): NoData[IA, Eritrea, 2013]  <could not convert string to float: NoData[IA, Eritrea, 2013]>
CI('Eritrea', '2014'): NoData[IA, Eritrea, 2014]  <could not convert string to float: NoData[IA, Eritrea, 2014]>
CI('Ethiopia', '2012'): NoData[IA, Ethiopia, 2012]  <could not convert string to float: NoData[IA, Ethiopia, 2012]>
CI('Ethiopia', '2013'): NoData[IA, Ethiopia, 2013]  <could not convert string to float: NoData[IA, Ethiopia, 2013]>
CI('Ethiopia', '2014'): NoData[IA, Ethiopia, 2014]  <could not convert string to float: NoData[IA, Ethiopia, 2014]>
CI('Gabon', '2012'): NoData[IA, Gabon, 2012]  <could not convert string to float: NoData[IA, Gabon, 2012]>
CI('Gabon', '2013'): NoData[IA, Gabon, 2013]  <could not convert string to float: NoData[IA, Gabon, 2013]>
CI('Gabon', '2014'): NoData[IA, Gabon, 2014]  <could not convert string to float: NoData[IA, Gabon, 2014]>
CI('Ghana', '2012'): NoData[IA, Ghana, 2012]  <could not convert string to float: NoData[IA, Ghana, 2012]>
CI('Ghana', '2013'): NoData[IA, Ghana, 2013]  <could not convert string to float: NoData[IA, Ghana, 2013]>
CI('Ghana', '2014'): NoData[IA, Ghana, 2014]  <could not convert string to float: NoData[IA, Ghana, 2014]>
CI('Guinea', '2012'): NoData[IA, Guinea, 2012]  <could not convert string to float: NoData[IA, Guinea, 2012]>
CI('Guinea', '2013'): NoData[IA, Guinea, 2013]  <could not convert string to float: NoData[IA, Guinea, 2013]>
CI('Guinea', '2014'): NoData[IA, Guinea, 2014]  <could not convert string to float: NoData[IA, Guinea, 2014]>
CI('Gambia, The', '2012'): NoData[IA, Gambia, The, 2012]  <could not convert string to float: NoData[IA, Gambia, The, 2012]>
CI('Gambia, The', '2013'): NoData[IA, Gambia, The, 2013]  <could not convert string to float: NoData[IA, Gambia, The, 2013]>
CI('Gambia, The', '2014'): NoData[IA, Gambia, The, 2014]  <could not convert string to float: NoData[IA, Gambia, The, 2014]>
CI('Guinea-Bissau', '2012'): NoData[IA, Guinea-Bissau, 2012]  <could not convert string to float: NoData[IA, Guinea-Bissau, 2012]>
CI('Guinea-Bissau', '2013'): NoData[IA, Guinea-Bissau, 2013]  <could not convert string to float: NoData[IA, Guinea-Bissau, 2013]>
CI('Guinea-Bissau', '2014'): NoData[IA, Guinea-Bissau, 2014]  <could not convert string to float: NoData[IA, Guinea-Bissau, 2014]>
CI('Equatorial Guinea', '2012'): NoData[IA, Equatorial Guinea, 2012]  <could not convert string to float: NoData[IA, Equatorial Guinea, 2012]>
CI('Equatorial Guinea', '2013'): NoData[IA, Equatorial Guinea, 2013]  <could not convert string to float: NoData[IA, Equatorial Guinea, 2013]>
CI('Equatorial Guinea', '2014'): NoData[IA, Equatorial Guinea, 2014]  <could not convert string to float: NoData[IA, Equatorial Guinea, 2014]>
CI('Kenya', '2012'): NoData[IA, Kenya, 2012]  <could not convert string to float: NoData[IA, Kenya, 2012]>
CI('Kenya', '2013'): NoData[IA, Kenya, 2013]  <could not convert string to float: NoData[IA, Kenya, 2013]>
CI('Kenya', '2014'): NoData[IA, Kenya, 2014]  <could not convert string to float: NoData[IA, Kenya, 2014]>
CI('Liberia', '2012'): NoData[IA, Liberia, 2012]  <could not convert string to float: NoData[IA, Liberia, 2012]>
CI('Liberia', '2013'): NoData[IA, Liberia, 2013]  <could not convert string to float: NoData[IA, Liberia, 2013]>
CI('Liberia', '2014'): NoData[IA, Liberia, 2014]  <could not convert string to float: NoData[IA, Liberia, 2014]>
CI('Lesotho', '1960'): NoData[IA, Lesotho, 1960]  <could not convert string to float: NoData[IA, Lesotho, 1960]>
CI('Lesotho', '1961'): NoData[IA, Lesotho, 1961]  <could not convert string to float: NoData[IA, Lesotho, 1961]>
CI('Lesotho', '1962'): NoData[IA, Lesotho, 1962]  <could not convert string to float: NoData[IA, Lesotho, 1962]>
CI('Lesotho', '1963'): NoData[IA, Lesotho, 1963]  <could not convert string to float: NoData[IA, Lesotho, 1963]>
CI('Lesotho', '1964'): NoData[IA, Lesotho, 1964]  <could not convert string to float: NoData[IA, Lesotho, 1964]>
CI('Lesotho', '1965'): NoData[IA, Lesotho, 1965]  <could not convert string to float: NoData[IA, Lesotho, 1965]>
CI('Lesotho', '1966'): NoData[IA, Lesotho, 1966]  <could not convert string to float: NoData[IA, Lesotho, 1966]>
CI('Lesotho', '1967'): NoData[IA, Lesotho, 1967]  <could not convert string to float: NoData[IA, Lesotho, 1967]>
CI('Lesotho', '1968'): NoData[IA, Lesotho, 1968]  <could not convert string to float: NoData[IA, Lesotho, 1968]>
CI('Lesotho', '1969'): NoData[IA, Lesotho, 1969]  <could not convert string to float: NoData[IA, Lesotho, 1969]>
CI('Lesotho', '1970'): NoData[IA, Lesotho, 1970]  <could not convert string to float: NoData[IA, Lesotho, 1970]>
CI('Lesotho', '1971'): NoData[IA, Lesotho, 1971]  <could not convert string to float: NoData[IA, Lesotho, 1971]>
CI('Lesotho', '1972'): NoData[IA, Lesotho, 1972]  <could not convert string to float: NoData[IA, Lesotho, 1972]>
CI('Lesotho', '1973'): NoData[IA, Lesotho, 1973]  <could not convert string to float: NoData[IA, Lesotho, 1973]>
CI('Lesotho', '1974'): NoData[IA, Lesotho, 1974]  <could not convert string to float: NoData[IA, Lesotho, 1974]>
CI('Lesotho', '1975'): NoData[IA, Lesotho, 1975]  <could not convert string to float: NoData[IA, Lesotho, 1975]>
CI('Lesotho', '1976'): NoData[IA, Lesotho, 1976]  <could not convert string to float: NoData[IA, Lesotho, 1976]>
CI('Lesotho', '1977'): NoData[IA, Lesotho, 1977]  <could not convert string to float: NoData[IA, Lesotho, 1977]>
CI('Lesotho', '1978'): NoData[IA, Lesotho, 1978]  <could not convert string to float: NoData[IA, Lesotho, 1978]>
CI('Lesotho', '1979'): NoData[IA, Lesotho, 1979]  <could not convert string to float: NoData[IA, Lesotho, 1979]>
CI('Lesotho', '1980'): NoData[IA, Lesotho, 1980]  <could not convert string to float: NoData[IA, Lesotho, 1980]>
CI('Lesotho', '1981'): NoData[IA, Lesotho, 1981]  <could not convert string to float: NoData[IA, Lesotho, 1981]>
CI('Lesotho', '1982'): NoData[IA, Lesotho, 1982]  <could not convert string to float: NoData[IA, Lesotho, 1982]>
CI('Lesotho', '1983'): NoData[IA, Lesotho, 1983]  <could not convert string to float: NoData[IA, Lesotho, 1983]>
CI('Lesotho', '1984'): NoData[IA, Lesotho, 1984]  <could not convert string to float: NoData[IA, Lesotho, 1984]>
CI('Lesotho', '1985'): NoData[IA, Lesotho, 1985]  <could not convert string to float: NoData[IA, Lesotho, 1985]>
CI('Lesotho', '1986'): NoData[IA, Lesotho, 1986]  <could not convert string to float: NoData[IA, Lesotho, 1986]>
CI('Lesotho', '1987'): NoData[IA, Lesotho, 1987]  <could not convert string to float: NoData[IA, Lesotho, 1987]>
CI('Lesotho', '1988'): NoData[IA, Lesotho, 1988]  <could not convert string to float: NoData[IA, Lesotho, 1988]>
CI('Lesotho', '1989'): NoData[IA, Lesotho, 1989]  <could not convert string to float: NoData[IA, Lesotho, 1989]>
CI('Lesotho', '1990'): NoData[IA, Lesotho, 1990]  <could not convert string to float: NoData[IA, Lesotho, 1990]>
CI('Lesotho', '1991'): NoData[IA, Lesotho, 1991]  <could not convert string to float: NoData[IA, Lesotho, 1991]>
CI('Lesotho', '1992'): NoData[IA, Lesotho, 1992]  <could not convert string to float: NoData[IA, Lesotho, 1992]>
CI('Lesotho', '1993'): NoData[IA, Lesotho, 1993]  <could not convert string to float: NoData[IA, Lesotho, 1993]>
CI('Lesotho', '1994'): NoData[IA, Lesotho, 1994]  <could not convert string to float: NoData[IA, Lesotho, 1994]>
CI('Lesotho', '1995'): NoData[IA, Lesotho, 1995]  <could not convert string to float: NoData[IA, Lesotho, 1995]>
CI('Lesotho', '1996'): NoData[IA, Lesotho, 1996]  <could not convert string to float: NoData[IA, Lesotho, 1996]>
CI('Lesotho', '1997'): NoData[IA, Lesotho, 1997]  <could not convert string to float: NoData[IA, Lesotho, 1997]>
CI('Lesotho', '1998'): NoData[IA, Lesotho, 1998]  <could not convert string to float: NoData[IA, Lesotho, 1998]>
CI('Lesotho', '1999'): NoData[IA, Lesotho, 1999]  <could not convert string to float: NoData[IA, Lesotho, 1999]>
CI('Lesotho', '2000'): NoData[IA, Lesotho, 2000]  <could not convert string to float: NoData[IA, Lesotho, 2000]>
CI('Lesotho', '2001'): NoData[IA, Lesotho, 2001]  <could not convert string to float: NoData[IA, Lesotho, 2001]>
CI('Lesotho', '2002'): NoData[IA, Lesotho, 2002]  <could not convert string to float: NoData[IA, Lesotho, 2002]>
CI('Lesotho', '2003'): NoData[IA, Lesotho, 2003]  <could not convert string to float: NoData[IA, Lesotho, 2003]>
CI('Lesotho', '2004'): NoData[IA, Lesotho, 2004]  <could not convert string to float: NoData[IA, Lesotho, 2004]>
CI('Lesotho', '2012'): NoData[IA, Lesotho, 2012]  <could not convert string to float: NoData[IA, Lesotho, 2012]>
CI('Lesotho', '2013'): NoData[IA, Lesotho, 2013]  <could not convert string to float: NoData[IA, Lesotho, 2013]>
CI('Lesotho', '2014'): NoData[IA, Lesotho, 2014]  <could not convert string to float: NoData[IA, Lesotho, 2014]>
CI('Madagascar', '2012'): NoData[IA, Madagascar, 2012]  <could not convert string to float: NoData[IA, Madagascar, 2012]>
CI('Madagascar', '2013'): NoData[IA, Madagascar, 2013]  <could not convert string to float: NoData[IA, Madagascar, 2013]>
CI('Madagascar', '2014'): NoData[IA, Madagascar, 2014]  <could not convert string to float: NoData[IA, Madagascar, 2014]>
CI('Mali', '2012'): NoData[IA, Mali, 2012]  <could not convert string to float: NoData[IA, Mali, 2012]>
CI('Mali', '2013'): NoData[IA, Mali, 2013]  <could not convert string to float: NoData[IA, Mali, 2013]>
CI('Mali', '2014'): NoData[IA, Mali, 2014]  <could not convert string to float: NoData[IA, Mali, 2014]>
CI('Mozambique', '2012'): NoData[IA, Mozambique, 2012]  <could not convert string to float: NoData[IA, Mozambique, 2012]>
CI('Mozambique', '2013'): NoData[IA, Mozambique, 2013]  <could not convert string to float: NoData[IA, Mozambique, 2013]>
CI('Mozambique', '2014'): NoData[IA, Mozambique, 2014]  <could not convert string to float: NoData[IA, Mozambique, 2014]>
CI('Mauritania', '2012'): NoData[IA, Mauritania, 2012]  <could not convert string to float: NoData[IA, Mauritania, 2012]>
CI('Mauritania', '2013'): NoData[IA, Mauritania, 2013]  <could not convert string to float: NoData[IA, Mauritania, 2013]>
CI('Mauritania', '2014'): NoData[IA, Mauritania, 2014]  <could not convert string to float: NoData[IA, Mauritania, 2014]>
CI('Mauritius', '2012'): NoData[IA, Mauritius, 2012]  <could not convert string to float: NoData[IA, Mauritius, 2012]>
CI('Mauritius', '2013'): NoData[IA, Mauritius, 2013]  <could not convert string to float: NoData[IA, Mauritius, 2013]>
CI('Mauritius', '2014'): NoData[IA, Mauritius, 2014]  <could not convert string to float: NoData[IA, Mauritius, 2014]>
CI('Malawi', '1960'): NoData[IA, Malawi, 1960]  <could not convert string to float: NoData[IA, Malawi, 1960]>
CI('Malawi', '1961'): NoData[IA, Malawi, 1961]  <could not convert string to float: NoData[IA, Malawi, 1961]>
CI('Malawi', '1962'): NoData[IA, Malawi, 1962]  <could not convert string to float: NoData[IA, Malawi, 1962]>
CI('Malawi', '1963'): NoData[IA, Malawi, 1963]  <could not convert string to float: NoData[IA, Malawi, 1963]>
CI('Malawi', '2012'): NoData[IA, Malawi, 2012]  <could not convert string to float: NoData[IA, Malawi, 2012]>
CI('Malawi', '2013'): NoData[IA, Malawi, 2013]  <could not convert string to float: NoData[IA, Malawi, 2013]>
CI('Malawi', '2014'): NoData[IA, Malawi, 2014]  <could not convert string to float: NoData[IA, Malawi, 2014]>
CI('Namibia', '1960'): NoData[IA, Namibia, 1960]  <could not convert string to float: NoData[IA, Namibia, 1960]>
CI('Namibia', '1961'): NoData[IA, Namibia, 1961]  <could not convert string to float: NoData[IA, Namibia, 1961]>
CI('Namibia', '1962'): NoData[IA, Namibia, 1962]  <could not convert string to float: NoData[IA, Namibia, 1962]>
CI('Namibia', '1963'): NoData[IA, Namibia, 1963]  <could not convert string to float: NoData[IA, Namibia, 1963]>
CI('Namibia', '1964'): NoData[IA, Namibia, 1964]  <could not convert string to float: NoData[IA, Namibia, 1964]>
CI('Namibia', '1965'): NoData[IA, Namibia, 1965]  <could not convert string to float: NoData[IA, Namibia, 1965]>
CI('Namibia', '1966'): NoData[IA, Namibia, 1966]  <could not convert string to float: NoData[IA, Namibia, 1966]>
CI('Namibia', '1967'): NoData[IA, Namibia, 1967]  <could not convert string to float: NoData[IA, Namibia, 1967]>
CI('Namibia', '1968'): NoData[IA, Namibia, 1968]  <could not convert string to float: NoData[IA, Namibia, 1968]>
CI('Namibia', '1969'): NoData[IA, Namibia, 1969]  <could not convert string to float: NoData[IA, Namibia, 1969]>
CI('Namibia', '1970'): NoData[IA, Namibia, 1970]  <could not convert string to float: NoData[IA, Namibia, 1970]>
CI('Namibia', '1971'): NoData[IA, Namibia, 1971]  <could not convert string to float: NoData[IA, Namibia, 1971]>
CI('Namibia', '1972'): NoData[IA, Namibia, 1972]  <could not convert string to float: NoData[IA, Namibia, 1972]>
CI('Namibia', '1973'): NoData[IA, Namibia, 1973]  <could not convert string to float: NoData[IA, Namibia, 1973]>
CI('Namibia', '1974'): NoData[IA, Namibia, 1974]  <could not convert string to float: NoData[IA, Namibia, 1974]>
CI('Namibia', '1975'): NoData[IA, Namibia, 1975]  <could not convert string to float: NoData[IA, Namibia, 1975]>
CI('Namibia', '1976'): NoData[IA, Namibia, 1976]  <could not convert string to float: NoData[IA, Namibia, 1976]>
CI('Namibia', '1977'): NoData[IA, Namibia, 1977]  <could not convert string to float: NoData[IA, Namibia, 1977]>
CI('Namibia', '1978'): NoData[IA, Namibia, 1978]  <could not convert string to float: NoData[IA, Namibia, 1978]>
CI('Namibia', '1979'): NoData[IA, Namibia, 1979]  <could not convert string to float: NoData[IA, Namibia, 1979]>
CI('Namibia', '1980'): NoData[IA, Namibia, 1980]  <could not convert string to float: NoData[IA, Namibia, 1980]>
CI('Namibia', '1981'): NoData[IA, Namibia, 1981]  <could not convert string to float: NoData[IA, Namibia, 1981]>
CI('Namibia', '1982'): NoData[IA, Namibia, 1982]  <could not convert string to float: NoData[IA, Namibia, 1982]>
CI('Namibia', '1983'): NoData[IA, Namibia, 1983]  <could not convert string to float: NoData[IA, Namibia, 1983]>
CI('Namibia', '1984'): NoData[IA, Namibia, 1984]  <could not convert string to float: NoData[IA, Namibia, 1984]>
CI('Namibia', '1985'): NoData[IA, Namibia, 1985]  <could not convert string to float: NoData[IA, Namibia, 1985]>
CI('Namibia', '1986'): NoData[IA, Namibia, 1986]  <could not convert string to float: NoData[IA, Namibia, 1986]>
CI('Namibia', '1987'): NoData[IA, Namibia, 1987]  <could not convert string to float: NoData[IA, Namibia, 1987]>
CI('Namibia', '1988'): NoData[IA, Namibia, 1988]  <could not convert string to float: NoData[IA, Namibia, 1988]>
CI('Namibia', '1989'): NoData[IA, Namibia, 1989]  <could not convert string to float: NoData[IA, Namibia, 1989]>
CI('Namibia', '2012'): NoData[IA, Namibia, 2012]  <could not convert string to float: NoData[IA, Namibia, 2012]>
CI('Namibia', '2013'): NoData[IA, Namibia, 2013]  <could not convert string to float: NoData[IA, Namibia, 2013]>
CI('Namibia', '2014'): NoData[IA, Namibia, 2014]  <could not convert string to float: NoData[IA, Namibia, 2014]>
CI('Niger', '2012'): NoData[IA, Niger, 2012]  <could not convert string to float: NoData[IA, Niger, 2012]>
CI('Niger', '2013'): NoData[IA, Niger, 2013]  <could not convert string to float: NoData[IA, Niger, 2013]>
CI('Niger', '2014'): NoData[IA, Niger, 2014]  <could not convert string to float: NoData[IA, Niger, 2014]>
CI('Nigeria', '2012'): NoData[IA, Nigeria, 2012]  <could not convert string to float: NoData[IA, Nigeria, 2012]>
CI('Nigeria', '2013'): NoData[IA, Nigeria, 2013]  <could not convert string to float: NoData[IA, Nigeria, 2013]>
CI('Nigeria', '2014'): NoData[IA, Nigeria, 2014]  <could not convert string to float: NoData[IA, Nigeria, 2014]>
CI('Rwanda', '2012'): NoData[IA, Rwanda, 2012]  <could not convert string to float: NoData[IA, Rwanda, 2012]>
CI('Rwanda', '2013'): NoData[IA, Rwanda, 2013]  <could not convert string to float: NoData[IA, Rwanda, 2013]>
CI('Rwanda', '2014'): NoData[IA, Rwanda, 2014]  <could not convert string to float: NoData[IA, Rwanda, 2014]>
CI('Sudan', '2012'): NoData[IA, Sudan, 2012]  <could not convert string to float: NoData[IA, Sudan, 2012]>
CI('Sudan', '2013'): NoData[IA, Sudan, 2013]  <could not convert string to float: NoData[IA, Sudan, 2013]>
CI('Sudan', '2014'): NoData[IA, Sudan, 2014]  <could not convert string to float: NoData[IA, Sudan, 2014]>
CI('Senegal', '1968'): NoData[IA, Senegal, 1968]  <could not convert string to float: NoData[IA, Senegal, 1968]>
CI('Senegal', '2012'): NoData[IA, Senegal, 2012]  <could not convert string to float: NoData[IA, Senegal, 2012]>
CI('Senegal', '2013'): NoData[IA, Senegal, 2013]  <could not convert string to float: NoData[IA, Senegal, 2013]>
CI('Senegal', '2014'): NoData[IA, Senegal, 2014]  <could not convert string to float: NoData[IA, Senegal, 2014]>
CI('Sierra Leone', '2012'): NoData[IA, Sierra Leone, 2012]  <could not convert string to float: NoData[IA, Sierra Leone, 2012]>
CI('Sierra Leone', '2013'): NoData[IA, Sierra Leone, 2013]  <could not convert string to float: NoData[IA, Sierra Leone, 2013]>
CI('Sierra Leone', '2014'): NoData[IA, Sierra Leone, 2014]  <could not convert string to float: NoData[IA, Sierra Leone, 2014]>
CI('Somalia', '1996'): NoData[IA, Somalia, 1996]  <could not convert string to float: NoData[IA, Somalia, 1996]>
CI('Somalia', '1997'): NoData[IA, Somalia, 1997]  <could not convert string to float: NoData[IA, Somalia, 1997]>
CI('Somalia', '1998'): NoData[IA, Somalia, 1998]  <could not convert string to float: NoData[IA, Somalia, 1998]>
CI('Somalia', '1999'): NoData[IA, Somalia, 1999]  <could not convert string to float: NoData[IA, Somalia, 1999]>
CI('Somalia', '2012'): NoData[IA, Somalia, 2012]  <could not convert string to float: NoData[IA, Somalia, 2012]>
CI('Somalia', '2013'): NoData[IA, Somalia, 2013]  <could not convert string to float: NoData[IA, Somalia, 2013]>
CI('Somalia', '2014'): NoData[IA, Somalia, 2014]  <could not convert string to float: NoData[IA, Somalia, 2014]>
CI('South Sudan', '1960'): NoData[IA, South Sudan, 1960]  <could not convert string to float: NoData[IA, South Sudan, 1960]>
CI('South Sudan', '1961'): NoData[IA, South Sudan, 1961]  <could not convert string to float: NoData[IA, South Sudan, 1961]>
CI('South Sudan', '1962'): NoData[IA, South Sudan, 1962]  <could not convert string to float: NoData[IA, South Sudan, 1962]>
CI('South Sudan', '1963'): NoData[IA, South Sudan, 1963]  <could not convert string to float: NoData[IA, South Sudan, 1963]>
CI('South Sudan', '1964'): NoData[IA, South Sudan, 1964]  <could not convert string to float: NoData[IA, South Sudan, 1964]>
CI('South Sudan', '1965'): NoData[IA, South Sudan, 1965]  <could not convert string to float: NoData[IA, South Sudan, 1965]>
CI('South Sudan', '1966'): NoData[IA, South Sudan, 1966]  <could not convert string to float: NoData[IA, South Sudan, 1966]>
CI('South Sudan', '1967'): NoData[IA, South Sudan, 1967]  <could not convert string to float: NoData[IA, South Sudan, 1967]>
CI('South Sudan', '1968'): NoData[IA, South Sudan, 1968]  <could not convert string to float: NoData[IA, South Sudan, 1968]>
CI('South Sudan', '1969'): NoData[IA, South Sudan, 1969]  <could not convert string to float: NoData[IA, South Sudan, 1969]>
CI('South Sudan', '1970'): NoData[IA, South Sudan, 1970]  <could not convert string to float: NoData[IA, South Sudan, 1970]>
CI('South Sudan', '1971'): NoData[IA, South Sudan, 1971]  <could not convert string to float: NoData[IA, South Sudan, 1971]>
CI('South Sudan', '1972'): NoData[IA, South Sudan, 1972]  <could not convert string to float: NoData[IA, South Sudan, 1972]>
CI('South Sudan', '1973'): NoData[IA, South Sudan, 1973]  <could not convert string to float: NoData[IA, South Sudan, 1973]>
CI('South Sudan', '1974'): NoData[IA, South Sudan, 1974]  <could not convert string to float: NoData[IA, South Sudan, 1974]>
CI('South Sudan', '1975'): NoData[IA, South Sudan, 1975]  <could not convert string to float: NoData[IA, South Sudan, 1975]>
CI('South Sudan', '1976'): NoData[IA, South Sudan, 1976]  <could not convert string to float: NoData[IA, South Sudan, 1976]>
CI('South Sudan', '1977'): NoData[IA, South Sudan, 1977]  <could not convert string to float: NoData[IA, South Sudan, 1977]>
CI('South Sudan', '1978'): NoData[IA, South Sudan, 1978]  <could not convert string to float: NoData[IA, South Sudan, 1978]>
CI('South Sudan', '1979'): NoData[IA, South Sudan, 1979]  <could not convert string to float: NoData[IA, South Sudan, 1979]>
CI('South Sudan', '1980'): NoData[IA, South Sudan, 1980]  <could not convert string to float: NoData[IA, South Sudan, 1980]>
CI('South Sudan', '1981'): NoData[IA, South Sudan, 1981]  <could not convert string to float: NoData[IA, South Sudan, 1981]>
CI('South Sudan', '1982'): NoData[IA, South Sudan, 1982]  <could not convert string to float: NoData[IA, South Sudan, 1982]>
CI('South Sudan', '1983'): NoData[IA, South Sudan, 1983]  <could not convert string to float: NoData[IA, South Sudan, 1983]>
CI('South Sudan', '1984'): NoData[IA, South Sudan, 1984]  <could not convert string to float: NoData[IA, South Sudan, 1984]>
CI('South Sudan', '1985'): NoData[IA, South Sudan, 1985]  <could not convert string to float: NoData[IA, South Sudan, 1985]>
CI('South Sudan', '1986'): NoData[IA, South Sudan, 1986]  <could not convert string to float: NoData[IA, South Sudan, 1986]>
CI('South Sudan', '1987'): NoData[IA, South Sudan, 1987]  <could not convert string to float: NoData[IA, South Sudan, 1987]>
CI('South Sudan', '1988'): NoData[IA, South Sudan, 1988]  <could not convert string to float: NoData[IA, South Sudan, 1988]>
CI('South Sudan', '1989'): NoData[IA, South Sudan, 1989]  <could not convert string to float: NoData[IA, South Sudan, 1989]>
CI('South Sudan', '1990'): NoData[IA, South Sudan, 1990]  <could not convert string to float: NoData[IA, South Sudan, 1990]>
CI('South Sudan', '1991'): NoData[IA, South Sudan, 1991]  <could not convert string to float: NoData[IA, South Sudan, 1991]>
CI('South Sudan', '1992'): NoData[IA, South Sudan, 1992]  <could not convert string to float: NoData[IA, South Sudan, 1992]>
CI('South Sudan', '1993'): NoData[IA, South Sudan, 1993]  <could not convert string to float: NoData[IA, South Sudan, 1993]>
CI('South Sudan', '1994'): NoData[IA, South Sudan, 1994]  <could not convert string to float: NoData[IA, South Sudan, 1994]>
CI('South Sudan', '1995'): NoData[IA, South Sudan, 1995]  <could not convert string to float: NoData[IA, South Sudan, 1995]>
CI('South Sudan', '1996'): NoData[IA, South Sudan, 1996]  <could not convert string to float: NoData[IA, South Sudan, 1996]>
CI('South Sudan', '1997'): NoData[IA, South Sudan, 1997]  <could not convert string to float: NoData[IA, South Sudan, 1997]>
CI('South Sudan', '1998'): NoData[IA, South Sudan, 1998]  <could not convert string to float: NoData[IA, South Sudan, 1998]>
CI('South Sudan', '1999'): NoData[IA, South Sudan, 1999]  <could not convert string to float: NoData[IA, South Sudan, 1999]>
CI('South Sudan', '2000'): NoData[IA, South Sudan, 2000]  <could not convert string to float: NoData[IA, South Sudan, 2000]>
CI('South Sudan', '2001'): NoData[IA, South Sudan, 2001]  <could not convert string to float: NoData[IA, South Sudan, 2001]>
CI('South Sudan', '2002'): NoData[IA, South Sudan, 2002]  <could not convert string to float: NoData[IA, South Sudan, 2002]>
CI('South Sudan', '2003'): NoData[IA, South Sudan, 2003]  <could not convert string to float: NoData[IA, South Sudan, 2003]>
CI('South Sudan', '2004'): NoData[IA, South Sudan, 2004]  <could not convert string to float: NoData[IA, South Sudan, 2004]>
CI('South Sudan', '2005'): NoData[IA, South Sudan, 2005]  <could not convert string to float: NoData[IA, South Sudan, 2005]>
CI('South Sudan', '2006'): NoData[IA, South Sudan, 2006]  <could not convert string to float: NoData[IA, South Sudan, 2006]>
CI('South Sudan', '2007'): NoData[IA, South Sudan, 2007]  <could not convert string to float: NoData[IA, South Sudan, 2007]>
CI('South Sudan', '2008'): NoData[IA, South Sudan, 2008]  <could not convert string to float: NoData[IA, South Sudan, 2008]>
CI('South Sudan', '2009'): NoData[IA, South Sudan, 2009]  <could not convert string to float: NoData[IA, South Sudan, 2009]>
CI('South Sudan', '2010'): NoData[IA, South Sudan, 2010]  <could not convert string to float: NoData[IA, South Sudan, 2010]>
CI('South Sudan', '2011'): NoData[IA, South Sudan, 2011]  <could not convert string to float: NoData[IA, South Sudan, 2011]>
CI('South Sudan', '2012'): NoData[IA, South Sudan, 2012]  <could not convert string to float: NoData[IA, South Sudan, 2012]>
CI('South Sudan', '2013'): NoData[IA, South Sudan, 2013]  <could not convert string to float: NoData[IA, South Sudan, 2013]>
CI('South Sudan', '2014'): NoData[IA, South Sudan, 2014]  <could not convert string to float: NoData[IA, South Sudan, 2014]>
CI('Sao Tome and Principe', '2012'): NoData[IA, Sao Tome and Principe, 2012]  <could not convert string to float: NoData[IA, Sao Tome and Principe, 2012]>
CI('Sao Tome and Principe', '2013'): NoData[IA, Sao Tome and Principe, 2013]  <could not convert string to float: NoData[IA, Sao Tome and Principe, 2013]>
CI('Sao Tome and Principe', '2014'): NoData[IA, Sao Tome and Principe, 2014]  <could not convert string to float: NoData[IA, Sao Tome and Principe, 2014]>
CI('Swaziland', '1962'): NoData[IA, Swaziland, 1962]  <could not convert string to float: NoData[IA, Swaziland, 1962]>
CI('Swaziland', '1963'): NoData[IA, Swaziland, 1963]  <could not convert string to float: NoData[IA, Swaziland, 1963]>
CI('Swaziland', '2012'): NoData[IA, Swaziland, 2012]  <could not convert string to float: NoData[IA, Swaziland, 2012]>
CI('Swaziland', '2013'): NoData[IA, Swaziland, 2013]  <could not convert string to float: NoData[IA, Swaziland, 2013]>
CI('Swaziland', '2014'): NoData[IA, Swaziland, 2014]  <could not convert string to float: NoData[IA, Swaziland, 2014]>
CI('Seychelles', '1960'): NoData[IA, Seychelles, 1960]  <could not convert string to float: NoData[IA, Seychelles, 1960]>
CI('Seychelles', '1961'): NoData[IA, Seychelles, 1961]  <could not convert string to float: NoData[IA, Seychelles, 1961]>
CI('Seychelles', '1962'): NoData[IA, Seychelles, 1962]  <could not convert string to float: NoData[IA, Seychelles, 1962]>
CI('Seychelles', '2012'): NoData[IA, Seychelles, 2012]  <could not convert string to float: NoData[IA, Seychelles, 2012]>
CI('Seychelles', '2013'): NoData[IA, Seychelles, 2013]  <could not convert string to float: NoData[IA, Seychelles, 2013]>
CI('Seychelles', '2014'): NoData[IA, Seychelles, 2014]  <could not convert string to float: NoData[IA, Seychelles, 2014]>
CI('Chad', '2012'): NoData[IA, Chad, 2012]  <could not convert string to float: NoData[IA, Chad, 2012]>
CI('Chad', '2013'): NoData[IA, Chad, 2013]  <could not convert string to float: NoData[IA, Chad, 2013]>
CI('Chad', '2014'): NoData[IA, Chad, 2014]  <could not convert string to float: NoData[IA, Chad, 2014]>
CI('Togo', '2012'): NoData[IA, Togo, 2012]  <could not convert string to float: NoData[IA, Togo, 2012]>
CI('Togo', '2013'): NoData[IA, Togo, 2013]  <could not convert string to float: NoData[IA, Togo, 2013]>
CI('Togo', '2014'): NoData[IA, Togo, 2014]  <could not convert string to float: NoData[IA, Togo, 2014]>
CI('Tanzania', '2012'): NoData[IA, Tanzania, 2012]  <could not convert string to float: NoData[IA, Tanzania, 2012]>
CI('Tanzania', '2013'): NoData[IA, Tanzania, 2013]  <could not convert string to float: NoData[IA, Tanzania, 2013]>
CI('Tanzania', '2014'): NoData[IA, Tanzania, 2014]  <could not convert string to float: NoData[IA, Tanzania, 2014]>
CI('Uganda', '2012'): NoData[IA, Uganda, 2012]  <could not convert string to float: NoData[IA, Uganda, 2012]>
CI('Uganda', '2013'): NoData[IA, Uganda, 2013]  <could not convert string to float: NoData[IA, Uganda, 2013]>
CI('Uganda', '2014'): NoData[IA, Uganda, 2014]  <could not convert string to float: NoData[IA, Uganda, 2014]>
CI('South Africa', '2012'): NoData[IA, South Africa, 2012]  <could not convert string to float: NoData[IA, South Africa, 2012]>
CI('South Africa', '2013'): NoData[IA, South Africa, 2013]  <could not convert string to float: NoData[IA, South Africa, 2013]>
CI('South Africa', '2014'): NoData[IA, South Africa, 2014]  <could not convert string to float: NoData[IA, South Africa, 2014]>
CI('Zambia', '1960'): NoData[IA, Zambia, 1960]  <could not convert string to float: NoData[IA, Zambia, 1960]>
CI('Zambia', '1961'): NoData[IA, Zambia, 1961]  <could not convert string to float: NoData[IA, Zambia, 1961]>
CI('Zambia', '1962'): NoData[IA, Zambia, 1962]  <could not convert string to float: NoData[IA, Zambia, 1962]>
CI('Zambia', '1963'): NoData[IA, Zambia, 1963]  <could not convert string to float: NoData[IA, Zambia, 1963]>
CI('Zambia', '2012'): NoData[IA, Zambia, 2012]  <could not convert string to float: NoData[IA, Zambia, 2012]>
CI('Zambia', '2013'): NoData[IA, Zambia, 2013]  <could not convert string to float: NoData[IA, Zambia, 2013]>
CI('Zambia', '2014'): NoData[IA, Zambia, 2014]  <could not convert string to float: NoData[IA, Zambia, 2014]>
CI('Zimbabwe', '1960'): NoData[IA, Zimbabwe, 1960]  <could not convert string to float: NoData[IA, Zimbabwe, 1960]>
CI('Zimbabwe', '1961'): NoData[IA, Zimbabwe, 1961]  <could not convert string to float: NoData[IA, Zimbabwe, 1961]>
CI('Zimbabwe', '1962'): NoData[IA, Zimbabwe, 1962]  <could not convert string to float: NoData[IA, Zimbabwe, 1962]>
CI('Zimbabwe', '1963'): NoData[IA, Zimbabwe, 1963]  <could not convert string to float: NoData[IA, Zimbabwe, 1963]>
CI('Zimbabwe', '2012'): NoData[IA, Zimbabwe, 2012]  <could not convert string to float: NoData[IA, Zimbabwe, 2012]>
CI('Zimbabwe', '2013'): NoData[IA, Zimbabwe, 2013]  <could not convert string to float: NoData[IA, Zimbabwe, 2013]>
CI('Zimbabwe', '2014'): NoData[IA, Zimbabwe, 2014]  <could not convert string to float: NoData[IA, Zimbabwe, 2014]>
===========================